2025-09-19 23:37:56 [main] INFO  c.y.m.MyLovePhotosApplication - Starting MyLovePhotosApplication using Java 17.0.15 with PID 17469 (/Users/yanzhiyu/Desktop/JAVA/Projects/my-love-photos/target/classes started by yanzhiyu in /Users/yanzhiyu/Desktop/JAVA/Projects/my-love-photos)
2025-09-19 23:37:56 [main] DEBUG c.y.m.MyLovePhotosApplication - Running with Spring Boot v3.5.6, Spring v6.2.11
2025-09-19 23:37:56 [main] INFO  c.y.m.MyLovePhotosApplication - No active profile set, falling back to 1 default profile: "default"
2025-09-19 23:37:56 [main] INFO  o.s.b.w.e.tomcat.TomcatWebServer - Tomcat initialized with port 8080 (http)
2025-09-19 23:37:56 [main] INFO  o.a.catalina.core.StandardService - Starting service [Tomcat]
2025-09-19 23:37:56 [main] INFO  o.a.catalina.core.StandardEngine - Starting Servlet engine: [Apache Tomcat/10.1.46]
2025-09-19 23:37:56 [main] INFO  o.a.c.c.C.[Tomcat].[localhost].[/] - Initializing Spring embedded WebApplicationContext
2025-09-19 23:37:56 [main] INFO  o.s.b.w.s.c.ServletWebServerApplicationContext - Root WebApplicationContext: initialization completed in 320 ms
2025-09-19 23:37:56 [main] WARN  o.s.b.a.s.s.UserDetailsServiceAutoConfiguration - 

Using generated security password: 6b8a6032-1bb2-4128-b07c-f4fb39da979e

This generated password is for development use only. Your security configuration must be updated before running your application in production.

2025-09-19 23:37:56 [main] INFO  o.s.s.c.a.a.c.InitializeUserDetailsBeanManagerConfigurer$InitializeUserDetailsManagerConfigurer - Global AuthenticationManager configured with UserDetailsService bean with name inMemoryUserDetailsManager
2025-09-19 23:37:56 [main] INFO  o.s.b.w.e.tomcat.TomcatWebServer - Tomcat started on port 8080 (http) with context path '/'
2025-09-19 23:37:56 [main] INFO  c.y.m.MyLovePhotosApplication - Started MyLovePhotosApplication in 0.697 seconds (process running for 0.792)
2025-09-19 23:37:56 [main] INFO  c.y.m.config.DataInitializer - 系统初始化完成
2025-09-19 23:37:56 [main] INFO  c.y.m.config.DataInitializer - 默认用户: admin
2025-09-19 23:37:56 [main] INFO  c.y.m.config.DataInitializer - 系统已启动，可以使用配置的用户名密码登录
2025-09-19 23:38:11 [SpringApplicationShutdownHook] INFO  o.s.b.w.e.tomcat.GracefulShutdown - Commencing graceful shutdown. Waiting for active requests to complete
2025-09-19 23:38:13 [tomcat-shutdown] INFO  o.s.b.w.e.tomcat.GracefulShutdown - Graceful shutdown complete
2025-09-19 23:38:22 [main] INFO  c.y.m.MyLovePhotosApplication - Starting MyLovePhotosApplication using Java 17.0.15 with PID 18032 (/Users/yanzhiyu/Desktop/JAVA/Projects/my-love-photos/target/classes started by yanzhiyu in /Users/yanzhiyu/Desktop/JAVA/Projects/my-love-photos)
2025-09-19 23:38:22 [main] DEBUG c.y.m.MyLovePhotosApplication - Running with Spring Boot v3.5.6, Spring v6.2.11
2025-09-19 23:38:22 [main] INFO  c.y.m.MyLovePhotosApplication - No active profile set, falling back to 1 default profile: "default"
2025-09-19 23:38:22 [main] INFO  o.s.b.w.e.tomcat.TomcatWebServer - Tomcat initialized with port 8080 (http)
2025-09-19 23:38:22 [main] INFO  o.a.catalina.core.StandardService - Starting service [Tomcat]
2025-09-19 23:38:22 [main] INFO  o.a.catalina.core.StandardEngine - Starting Servlet engine: [Apache Tomcat/10.1.46]
2025-09-19 23:38:22 [main] INFO  o.a.c.c.C.[Tomcat].[localhost].[/] - Initializing Spring embedded WebApplicationContext
2025-09-19 23:38:22 [main] INFO  o.s.b.w.s.c.ServletWebServerApplicationContext - Root WebApplicationContext: initialization completed in 264 ms
2025-09-19 23:38:22 [main] WARN  o.s.b.a.s.s.UserDetailsServiceAutoConfiguration - 

Using generated security password: 3f68539e-2a94-4543-a5b0-da7b6b4bbafc

This generated password is for development use only. Your security configuration must be updated before running your application in production.

2025-09-19 23:38:22 [main] INFO  o.s.s.c.a.a.c.InitializeUserDetailsBeanManagerConfigurer$InitializeUserDetailsManagerConfigurer - Global AuthenticationManager configured with UserDetailsService bean with name inMemoryUserDetailsManager
2025-09-19 23:38:23 [main] INFO  o.s.b.w.e.tomcat.TomcatWebServer - Tomcat started on port 8080 (http) with context path '/'
2025-09-19 23:38:23 [main] INFO  c.y.m.MyLovePhotosApplication - Started MyLovePhotosApplication in 0.614 seconds (process running for 0.701)
2025-09-19 23:38:23 [main] INFO  c.y.m.config.DataInitializer - 系统初始化完成
2025-09-19 23:38:23 [main] INFO  c.y.m.config.DataInitializer - 默认用户: admin
2025-09-19 23:38:23 [main] INFO  c.y.m.config.DataInitializer - 系统已启动，可以使用配置的用户名密码登录
2025-09-19 23:38:48 [SpringApplicationShutdownHook] INFO  o.s.b.w.e.tomcat.GracefulShutdown - Commencing graceful shutdown. Waiting for active requests to complete
2025-09-19 23:38:50 [tomcat-shutdown] INFO  o.s.b.w.e.tomcat.GracefulShutdown - Graceful shutdown complete
2025-09-19 23:39:20 [main] INFO  c.y.m.MyLovePhotosApplication - Starting MyLovePhotosApplication using Java 17.0.15 with PID 18805 (/Users/yanzhiyu/Desktop/JAVA/Projects/my-love-photos/target/classes started by yanzhiyu in /Users/yanzhiyu/Desktop/JAVA/Projects/my-love-photos)
2025-09-19 23:39:20 [main] DEBUG c.y.m.MyLovePhotosApplication - Running with Spring Boot v3.5.6, Spring v6.2.11
2025-09-19 23:39:20 [main] INFO  c.y.m.MyLovePhotosApplication - No active profile set, falling back to 1 default profile: "default"
2025-09-19 23:39:20 [main] INFO  o.s.b.w.e.tomcat.TomcatWebServer - Tomcat initialized with port 8080 (http)
2025-09-19 23:39:20 [main] INFO  o.a.catalina.core.StandardService - Starting service [Tomcat]
2025-09-19 23:39:20 [main] INFO  o.a.catalina.core.StandardEngine - Starting Servlet engine: [Apache Tomcat/10.1.46]
2025-09-19 23:39:20 [main] INFO  o.a.c.c.C.[Tomcat].[localhost].[/] - Initializing Spring embedded WebApplicationContext
2025-09-19 23:39:20 [main] INFO  o.s.b.w.s.c.ServletWebServerApplicationContext - Root WebApplicationContext: initialization completed in 314 ms
2025-09-19 23:39:21 [main] WARN  o.s.b.a.s.s.UserDetailsServiceAutoConfiguration - 

Using generated security password: 2deb3e7c-85ee-4e1f-a7b0-c6d90d9b1718

This generated password is for development use only. Your security configuration must be updated before running your application in production.

2025-09-19 23:39:21 [main] INFO  o.s.s.c.a.a.c.InitializeUserDetailsBeanManagerConfigurer$InitializeUserDetailsManagerConfigurer - Global AuthenticationManager configured with UserDetailsService bean with name inMemoryUserDetailsManager
2025-09-19 23:39:21 [main] INFO  o.s.b.w.e.tomcat.TomcatWebServer - Tomcat started on port 8080 (http) with context path '/'
2025-09-19 23:39:21 [main] INFO  c.y.m.MyLovePhotosApplication - Started MyLovePhotosApplication in 0.72 seconds (process running for 0.821)
2025-09-19 23:39:21 [main] INFO  c.y.m.config.DataInitializer - 系统初始化完成
2025-09-19 23:39:21 [main] INFO  c.y.m.config.DataInitializer - 默认用户: admin
2025-09-19 23:39:21 [main] INFO  c.y.m.config.DataInitializer - 系统已启动，可以使用配置的用户名密码登录
2025-09-19 23:39:46 [http-nio-8080-exec-4] INFO  o.a.c.c.C.[Tomcat].[localhost].[/] - Initializing Spring DispatcherServlet 'dispatcherServlet'
2025-09-19 23:39:46 [http-nio-8080-exec-4] INFO  o.s.web.servlet.DispatcherServlet - Initializing Servlet 'dispatcherServlet'
2025-09-19 23:39:46 [http-nio-8080-exec-4] INFO  o.s.web.servlet.DispatcherServlet - Completed initialization in 0 ms
2025-09-19 23:40:15 [SpringApplicationShutdownHook] INFO  o.s.b.w.e.tomcat.GracefulShutdown - Commencing graceful shutdown. Waiting for active requests to complete
2025-09-19 23:40:17 [tomcat-shutdown] INFO  o.s.b.w.e.tomcat.GracefulShutdown - Graceful shutdown complete
